[debug] [2018-01-01T21:27:10.089Z] ----------------------------------------------------------------------
[debug] [2018-01-01T21:27:10.091Z] Command:       /usr/local/Cellar/node/8.9.1/bin/node /usr/local/bin/firebase serve
[debug] [2018-01-01T21:27:10.091Z] CLI Version:   3.16.0
[debug] [2018-01-01T21:27:10.091Z] Platform:      darwin
[debug] [2018-01-01T21:27:10.091Z] Node Version:  v8.9.1
[debug] [2018-01-01T21:27:10.092Z] Time:          Mon Jan 01 2018 21:27:10 GMT+0000 (GMT)
[debug] [2018-01-01T21:27:10.092Z] ----------------------------------------------------------------------
[debug] 
[debug] [2018-01-01T21:27:10.104Z] > command requires scopes: ["email","openid","https://www.googleapis.com/auth/cloudplatformprojects.readonly","https://www.googleapis.com/auth/firebase","https://www.googleapis.com/auth/cloud-platform"]
[debug] [2018-01-01T21:27:10.104Z] > authorizing via signed-in user
[debug] [2018-01-01T21:27:10.106Z] > refreshing access token with scopes: ["email","https://www.googleapis.com/auth/cloud-platform","https://www.googleapis.com/auth/cloudplatformprojects.readonly","https://www.googleapis.com/auth/firebase","openid"]
[debug] [2018-01-01T21:27:10.106Z] >>> HTTP REQUEST POST https://www.googleapis.com/oauth2/v3/token  
 { refresh_token: '1/R9pVfWZeoIIv1Ufszj6di3HxqXYQysS8y9KV2LoFJGA',
  client_id: '563584335869-fgrhgmd47bqnekij5i8b5pr03ho849e6.apps.googleusercontent.com',
  client_secret: 'j9iVZfS8kkCEFUPaAeJV0sAi',
  grant_type: 'refresh_token',
  scope: 'email https://www.googleapis.com/auth/cloud-platform https://www.googleapis.com/auth/cloudplatformprojects.readonly https://www.googleapis.com/auth/firebase openid' } 
 Mon Jan 01 2018 21:27:10 GMT+0000 (GMT)
[debug] [2018-01-01T21:27:10.291Z] <<< HTTP RESPONSE 200
[debug] [2018-01-01T21:27:10.310Z] >>> HTTP REQUEST GET https://admin.firebase.com/v1/projects/specsavers-prototype  
  
 Mon Jan 01 2018 21:27:10 GMT+0000 (GMT)
[debug] [2018-01-01T21:27:11.060Z] <<< HTTP RESPONSE 200
[debug] [2018-01-01T21:27:11.061Z] >>> HTTP REQUEST GET https://admin.firebase.com/v1/database/specsavers-prototype/tokens  
  
 Mon Jan 01 2018 21:27:11 GMT+0000 (GMT)
[debug] [2018-01-01T21:27:11.954Z] <<< HTTP RESPONSE 200
[info] 
[info] === Serving from '/Users/romanstankiewicz/Development/pwa-experiment'...
[info] 
[debug] [2018-01-01T21:27:11.986Z] >>> HTTP REQUEST GET https://cloudresourcemanager.googleapis.com/v1/projects/specsavers-prototype  
  
 Mon Jan 01 2018 21:27:11 GMT+0000 (GMT)
[debug] [2018-01-01T21:27:12.873Z] <<< HTTP RESPONSE 200
[debug] [2018-01-01T21:27:12.876Z] >>> HTTP REQUEST GET https://mobilesdk-pa.googleapis.com/v1/projects/790954721124/clients/_:getWebAppConfig  
  
 Mon Jan 01 2018 21:27:12 GMT+0000 (GMT)
[debug] [2018-01-01T21:27:13.794Z] <<< HTTP RESPONSE 200
[info] i  hosting: Serving hosting files from: build
[info] ✔  hosting: Local server: http://localhost:5000

